#
# A fatal error has been detected by the Java Runtime Environment:
#
#  EXCEPTION_ACCESS_VIOLATION (0xc0000005) at pc=0x00007ffa5be0c690, pid=10428, tid=9612
#
# JRE version: OpenJDK Runtime Environment (15.0.1+9) (build 15.0.1+9-18)
# Java VM: OpenJDK 64-Bit Server VM (15.0.1+9-18, mixed mode, sharing, tiered, compressed oops, parallel gc, windows-amd64)
# Problematic frame:
# V  [jvm.dll+0x65c690]
#
# No core dump will be written. Minidumps are not enabled by default on client versions of Windows
#
# If you would like to submit a bug report, please visit:
#   https://bugreport.java.com/bugreport/crash.jsp
#

---------------  S U M M A R Y ------------

Command Line: --add-modules=ALL-SYSTEM --add-opens=java.base/java.util=ALL-UNNAMED --add-opens=java.base/java.lang=ALL-UNNAMED -Declipse.application=org.eclipse.jdt.ls.core.id1 -Dosgi.bundles.defaultStartLevel=4 -Declipse.product=org.eclipse.jdt.ls.core.product -Dfile.encoding=utf8 -DwatchParentProcess=false -XX:+UseParallelGC -XX:GCTimeRatio=4 -XX:AdaptiveSizePolicyWeight=90 -Dsun.zip.disableMemoryMapping=true -Xmx1G -Xms100m c:\Users\User\.vscode\extensions\redhat.java-0.73.0\server\plugins\org.eclipse.equinox.launcher_1.6.0.v20200915-1508.jar -configuration c:\Users\User\AppData\Roaming\Code\User\globalStorage\redhat.java\0.73.0\config_win -data c:\Users\User\AppData\Roaming\Code\User\workspaceStorage\c094b47b01860d2b57fab0f42e5bf511\redhat.java\jdt_ws

Host: Intel(R) Core(TM) i5-7300HQ CPU @ 2.50GHz, 4 cores, 7G,  Windows 10 , 64 bit Build 19041 (10.0.19041.662)
Time: Mon Jan  4 19:09:10 2021 GMT Standard Time elapsed time: 135.449567 seconds (0d 0h 2m 15s)

---------------  T H R E A D  ---------------

Current thread (0x00000266249cfbc0):  GCTaskThread "GC Thread#0" [stack: 0x000000b539300000,0x000000b539400000] [id=9612]

Stack: [0x000000b539300000,0x000000b539400000],  sp=0x000000b5393ff410,  free space=1021k
Native frames: (J=compiled Java code, j=interpreted, Vv=VM code, C=native code)
V  [jvm.dll+0x65c690]
V  [jvm.dll+0x65d00e]
V  [jvm.dll+0x65e88a]
V  [jvm.dll+0x667441]
V  [jvm.dll+0x668353]
V  [jvm.dll+0x7adba0]
V  [jvm.dll+0x73d65a]
V  [jvm.dll+0x629c56]
C  [ucrtbase.dll+0x214c2]
C  [KERNEL32.DLL+0x17034]
C  [ntdll.dll+0x4d0d1]


siginfo: EXCEPTION_ACCESS_VIOLATION (0xc0000005), reading address 0xffffffffffffffff


Register to memory mapping:

RIP=0x00007ffa5be0c690 jvm.dll
RAX=0x1fffffffe8100000 is an unknown value
RBX=0x0000000000800000 is an unknown value
RCX=0x0 is NULL
RDX=0x00000000ce38960c is pointing into object: org.eclipse.aether.graph.Dependency 
{0x00000000ce3895f8} - klass: 'org/eclipse/aether/graph/Dependency'
RSP=0x000000b5393ff410 points into unknown readable memory: 0x00000000ce389618 | 18 96 38 ce 00 00 00 00
RBP=0x000000b5393ff4f0 points into unknown readable memory: 0x00007ffa5c087518 | 18 75 08 5c fa 7f 00 00
RSI=0x00000000ce389614 is pointing into object: org.eclipse.aether.graph.Dependency 
{0x00000000ce3895f8} - klass: 'org/eclipse/aether/graph/Dependency'
RDI=0x000002663e4fcfc0 points into unknown readable memory: 0x00000266228f0150 | 50 01 8f 22 66 02 00 00
R8 =0x000002663bbe0000 points into unknown readable memory: 0x0501228090902801 | 01 28 90 90 80 22 01 05
R9 =0x007fffffffa04000 is an unknown value
R10=0x0000000001c712c3 is an unknown value
R11=0x00000000ce389548 is an oop: [Ljava.util.HashMap$Node; 
{0x00000000ce389548} - klass: 'java/util/HashMap$Node'[]
 - length: 8
R12=0x000002663e4fd0c0 points into unknown readable memory: 0x0000f2e600005529 | 29 55 00 00 e6 f2 00 00
R13=0x0 is NULL
R14=0x0000000800ff2fe0 is a pointer to class: 
org.eclipse.aether.internal.impl.collect.DefaultDependencyCollector$PremanagedDependency {0x0000000800ff2fe8}
R15=0x00000000ce3895f8 is an oop: org.eclipse.aether.graph.Dependency 
{0x00000000ce3895f8} - klass: 'org/eclipse/aether/graph/Dependency'


Registers:
RAX=0x1fffffffe8100000, RBX=0x0000000000800000, RCX=0x0000000000000000, RDX=0x00000000ce38960c
RSP=0x000000b5393ff410, RBP=0x000000b5393ff4f0, RSI=0x00000000ce389614, RDI=0x000002663e4fcfc0
R8 =0x000002663bbe0000, R9 =0x007fffffffa04000, R10=0x0000000001c712c3, R11=0x00000000ce389548
R12=0x000002663e4fd0c0, R13=0x0000000000000000, R14=0x0000000800ff2fe0, R15=0x00000000ce3895f8
RIP=0x00007ffa5be0c690, EFLAGS=0x0000000000010206

Top of Stack: (sp=0x000000b5393ff410)
0x000000b5393ff410:   00000000ce389618 00007ffa5be0f171
0x000000b5393ff420:   00000000ce3895f8 0000000000005528
0x000000b5393ff430:   0000000800ff2fd8 00007ffa5be0d00e
0x000000b5393ff440:   00000000ce38960c 000000b5393ff4f0
0x000000b5393ff450:   000002663e4fcfc0 000002663e4fd0c0
0x000000b5393ff460:   00000000ce3895f8 0000000000005528
0x000000b5393ff470:   0000f2e60000542f 00007ffa5be0e88a
0x000000b5393ff480:   000002663e4fcfc0 00007ffa5c000750
0x000000b5393ff490:   000000b5393ff509 00007ffa5be118b3
0x000000b5393ff4a0:   0000000000000002 0000000000000008
0x000000b5393ff4b0:   00000000cb3e5968 0000000801111770
0x000000b5393ff4c0:   0000000801111770 00007ffa5be0f171
0x000000b5393ff4d0:   00000000ce653aa8 000000b5393ff5a0
0x000000b5393ff4e0:   00000000cb3e5988 0000000000000002
0x000000b5393ff4f0:   00007ffa5c087518 00000266249c5860
0x000000b5393ff500:   0000000000000003 000002663e4fcfc0 

Instructions: (pc=0x00007ffa5be0c690)
0x00007ffa5be0c590:   c2 4c 8d 0d c8 10 00 00 49 0f 45 c1 48 89 05 05
0x00007ffa5be0c5a0:   90 3b 00 49 3b c2 0f 84 04 12 00 00 48 ff e0 cc
0x00007ffa5be0c5b0:   80 3d 29 6a 42 00 00 4c 8d 15 82 12 00 00 49 8b
0x00007ffa5be0c5c0:   c2 4c 8d 0d 38 11 00 00 49 0f 45 c1 48 89 05 05
0x00007ffa5be0c5d0:   90 3b 00 49 3b c2 0f 84 64 12 00 00 48 ff e0 cc
0x00007ffa5be0c5e0:   80 3d f9 69 42 00 00 4c 8d 15 82 db 9a ff 49 8b
0x00007ffa5be0c5f0:   c2 4c 8d 0d 78 db 9a ff 49 0f 45 c1 48 89 05 9d
0x00007ffa5be0c600:   8f 3b 00 49 3b c2 74 03 48 ff e0 c3 cc cc cc cc
0x00007ffa5be0c610:   80 3d c9 69 42 00 00 4c 8d 15 52 db 9a ff 49 8b
0x00007ffa5be0c620:   c2 4c 8d 0d 48 db 9a ff 49 0f 45 c1 48 89 05 9d
0x00007ffa5be0c630:   8f 3b 00 49 3b c2 74 03 48 ff e0 c3 cc cc cc cc
0x00007ffa5be0c640:   40 57 48 83 ec 20 8b 02 48 8b f9 85 c0 74 67 8b
0x00007ffa5be0c650:   0d bb f3 39 00 4c 8b 05 b4 f8 43 00 48 89 5c 24
0x00007ffa5be0c660:   30 8b d8 48 d3 e3 48 03 1d 9b f3 39 00 8b 0d 85
0x00007ffa5be0c670:   03 3a 00 48 8b c3 49 2b 00 4d 8b 40 10 48 c1 e8
0x00007ffa5be0c680:   03 48 d3 e8 4c 8b c8 24 3f 49 c1 e9 06 0f b6 c8
0x00007ffa5be0c690:   4b 8b 04 c8 48 0f a3 c8 72 17 48 8b cb e8 fe 29
0x00007ffa5be0c6a0:   00 00 84 c0 74 0b 48 8b d3 48 8b cf e8 6f 2b 00
0x00007ffa5be0c6b0:   00 48 8b 5c 24 30 48 83 c4 20 5f c3 cc cc cc cc
0x00007ffa5be0c6c0:   48 89 5c 24 08 57 48 83 ec 20 48 8b 1a 48 8b f9
0x00007ffa5be0c6d0:   48 85 db 74 4b 4c 8b 05 34 f8 43 00 48 8b c3 8b
0x00007ffa5be0c6e0:   0d 13 03 3a 00 49 2b 00 4d 8b 40 10 48 c1 e8 03
0x00007ffa5be0c6f0:   48 d3 e8 4c 8b c8 24 3f 49 c1 e9 06 0f b6 c8 4b
0x00007ffa5be0c700:   8b 04 c8 48 0f a3 c8 72 17 48 8b cb e8 8f 29 00
0x00007ffa5be0c710:   00 84 c0 74 0b 48 8b d3 48 8b cf e8 00 2b 00 00
0x00007ffa5be0c720:   48 8b 5c 24 30 48 83 c4 20 5f c3 cc cc cc cc cc
0x00007ffa5be0c730:   40 53 56 57 41 54 41 56 48 83 ec 20 49 8b f8 4c
0x00007ffa5be0c740:   89 7c 24 60 45 8b 40 10 4c 8b f2 4c 8b e1 48 8b
0x00007ffa5be0c750:   d7 48 8b 89 98 00 00 00 45 33 c9 e8 e0 cd b6 ff
0x00007ffa5be0c760:   4d 63 54 24 10 4d 63 8c 24 24 01 00 00 49 83 c2
0x00007ffa5be0c770:   39 41 8b 84 24 20 01 00 00 4d 03 d1 49 03 c2 4b
0x00007ffa5be0c780:   8d 34 d4 4d 8d 3c c4 49 3b f7 73 49 48 89 6c 24 


Stack slot to memory mapping:
stack at sp + 0 slots: 0x00000000ce389618 is an oop: org.eclipse.aether.artifact.DefaultArtifact 
{0x00000000ce389618} - klass: 'org/eclipse/aether/artifact/DefaultArtifact'
stack at sp + 1 slots: 0x00007ffa5be0f171 jvm.dll
stack at sp + 2 slots: 0x00000000ce3895f8 is an oop: org.eclipse.aether.graph.Dependency 
{0x00000000ce3895f8} - klass: 'org/eclipse/aether/graph/Dependency'
stack at sp + 3 slots: 0x0000000000005528 is an unknown value
stack at sp + 4 slots: 0x0000000800ff2fd8 is pointing into metadata
stack at sp + 5 slots: 0x00007ffa5be0d00e jvm.dll
stack at sp + 6 slots: 0x00000000ce38960c is pointing into object: org.eclipse.aether.graph.Dependency 
{0x00000000ce3895f8} - klass: 'org/eclipse/aether/graph/Dependency'
stack at sp + 7 slots: 0x000000b5393ff4f0 points into unknown readable memory: 0x00007ffa5c087518 | 18 75 08 5c fa 7f 00 00


---------------  P R O C E S S  ---------------

Threads class SMR info:
_java_thread_list=0x000002663fccd290, length=31, elements={
0x00000266249ba7e0, 0x0000026624a74c50, 0x0000026624a75730, 0x0000026624a8d940,
0x0000026624a8e200, 0x0000026624a8eac0, 0x000002663e5638b0, 0x000002663e565370,
0x000002663f6f8070, 0x000002663f786dc0, 0x000002663f89d3e0, 0x000002663fc6f620,
0x00000266402eb8a0, 0x00000266400cc1e0, 0x00000266402de540, 0x000002664036bdf0,
0x0000026640b503c0, 0x0000026640ab5020, 0x000002663ff44ee0, 0x000002663ff46220,
0x000002663ff45d50, 0x000002663ff44a10, 0x000002663ff46bc0, 0x000002663ff47560,
0x000002663ff47a30, 0x00000266403992a0, 0x000002664039a110, 0x000002664039b920,
0x0000026640394f40, 0x000002664039aab0, 0x0000026645c1e8d0
}

Java Threads: ( => current thread )
  0x00000266249ba7e0 JavaThread "main" [_thread_blocked, id=7976, stack(0x000000b539200000,0x000000b539300000)]
  0x0000026624a74c50 JavaThread "Reference Handler" daemon [_thread_blocked, id=9540, stack(0x000000b539500000,0x000000b539600000)]
  0x0000026624a75730 JavaThread "Finalizer" daemon [_thread_blocked, id=1292, stack(0x000000b539600000,0x000000b539700000)]
  0x0000026624a8d940 JavaThread "Signal Dispatcher" daemon [_thread_blocked, id=3924, stack(0x000000b539700000,0x000000b539800000)]
  0x0000026624a8e200 JavaThread "Attach Listener" daemon [_thread_blocked, id=6560, stack(0x000000b539800000,0x000000b539900000)]
  0x0000026624a8eac0 JavaThread "Service Thread" daemon [_thread_blocked, id=9884, stack(0x000000b539900000,0x000000b539a00000)]
  0x000002663e5638b0 JavaThread "C2 CompilerThread0" daemon [_thread_blocked, id=11344, stack(0x000000b539a00000,0x000000b539b00000)]
  0x000002663e565370 JavaThread "C1 CompilerThread0" daemon [_thread_blocked, id=15972, stack(0x000000b539b00000,0x000000b539c00000)]
  0x000002663f6f8070 JavaThread "Sweeper thread" daemon [_thread_blocked, id=15612, stack(0x000000b539c00000,0x000000b539d00000)]
  0x000002663f786dc0 JavaThread "Common-Cleaner" daemon [_thread_blocked, id=16392, stack(0x000000b539d00000,0x000000b539e00000)]
  0x000002663f89d3e0 JavaThread "Notification Thread" daemon [_thread_blocked, id=16424, stack(0x000000b539e00000,0x000000b539f00000)]
  0x000002663fc6f620 JavaThread "Active Thread: Equinox Container: 7c5cd230-8444-42dc-91de-a27198b1ce9b" [_thread_blocked, id=16616, stack(0x000000b53a100000,0x000000b53a200000)]
  0x00000266402eb8a0 JavaThread "Framework Event Dispatcher: Equinox Container: 7c5cd230-8444-42dc-91de-a27198b1ce9b" daemon [_thread_blocked, id=16648, stack(0x000000b53a000000,0x000000b53a100000)]
  0x00000266400cc1e0 JavaThread "Start Level: Equinox Container: 7c5cd230-8444-42dc-91de-a27198b1ce9b" daemon [_thread_blocked, id=16652, stack(0x000000b53a200000,0x000000b53a300000)]
  0x00000266402de540 JavaThread "SCR Component Actor" daemon [_thread_blocked, id=16672, stack(0x000000b53a600000,0x000000b53a700000)]
  0x000002664036bdf0 JavaThread "Worker-JM" [_thread_blocked, id=16736, stack(0x000000b53a800000,0x000000b53a900000)]
  0x0000026640b503c0 JavaThread "Worker-0" [_thread_blocked, id=16760, stack(0x000000b53a900000,0x000000b53aa00000)]
  0x0000026640ab5020 JavaThread "Worker-1" [_thread_blocked, id=16780, stack(0x000000b53aa00000,0x000000b53ab00000)]
  0x000002663ff44ee0 JavaThread "Java indexing" daemon [_thread_blocked, id=16880, stack(0x000000b53ab00000,0x000000b53ac00000)]
  0x000002663ff46220 JavaThread "logback configurator timer" daemon [_thread_blocked, id=17036, stack(0x000000b53ad00000,0x000000b53ae00000)]
  0x000002663ff45d50 JavaThread "Bundle File Closer" daemon [_thread_blocked, id=17100, stack(0x000000b53ac00000,0x000000b53ad00000)]
  0x000002663ff44a10 JavaThread "pool-2-thread-1" [_thread_in_native, id=17104, stack(0x000000b53ae00000,0x000000b53af00000)]
  0x000002663ff46bc0 JavaThread "Worker-2" [_thread_blocked, id=17112, stack(0x000000b53af00000,0x000000b53b000000)]
  0x000002663ff47560 JavaThread "Worker-3" [_thread_blocked, id=17144, stack(0x000000b53b000000,0x000000b53b100000)]
  0x000002663ff47a30 JavaThread "Worker-4" [_thread_blocked, id=17164, stack(0x000000b53b100000,0x000000b53b200000)]
  0x00000266403992a0 JavaThread "Worker-5" [_thread_blocked, id=16572, stack(0x000000b53b300000,0x000000b53b400000)]
  0x000002664039a110 JavaThread "ForkJoinPool.commonPool-worker-3" daemon [_thread_blocked, id=17016, stack(0x000000b539000000,0x000000b539100000)]
  0x000002664039b920 JavaThread "ForkJoinPool.commonPool-worker-5" daemon [_thread_blocked, id=17372, stack(0x000000b53b400000,0x000000b53b500000)]
  0x0000026640394f40 JavaThread "ForkJoinPool.commonPool-worker-7" daemon [_thread_blocked, id=7484, stack(0x000000b53b500000,0x000000b53b600000)]
  0x000002664039aab0 JavaThread "Worker-6" [_thread_blocked, id=5436, stack(0x000000b538f00000,0x000000b539000000)]
  0x0000026645c1e8d0 JavaThread "C2 CompilerThread1" daemon [_thread_blocked, id=16816, stack(0x000000b539100000,0x000000b539200000)]

Other Threads:
  0x000002663e5610f0 VMThread "VM Thread" [stack: 0x000000b539400000,0x000000b539500000] [id=8832]
  0x000002663f7f2d30 WatcherThread [stack: 0x000000b539f00000,0x000000b53a000000] [id=16428]
=>0x00000266249cfbc0 GCTaskThread "GC Thread#0" [stack: 0x000000b539300000,0x000000b539400000] [id=9612]
  0x000002663f821510 GCTaskThread "GC Thread#1" [stack: 0x000000b53a300000,0x000000b53a400000] [id=16660]
  0x000002663f821b70 GCTaskThread "GC Thread#2" [stack: 0x000000b53a400000,0x000000b53a500000] [id=16664]
  0x000002663f81f200 GCTaskThread "GC Thread#3" [stack: 0x000000b53a500000,0x000000b53a600000] [id=16668]

Threads with active compile tasks:
C2 CompilerThread0   135515 16016       4       org.eclipse.jdt.internal.core.search.BasicSearchEngine$5::acceptIndexMatch (286 bytes)
C2 CompilerThread1   135515 16011       4       org.eclipse.jdt.core.search.SearchPattern::acceptMatch (211 bytes)

VM state: at safepoint (normal execution)

VM Mutex/Monitor currently owned by a thread:  ([mutex/lock_event])
[0x00000266249b6fd0] Threads_lock - owner thread: 0x000002663e5610f0
[0x00000266249b8610] Heap_lock - owner thread: 0x000002664039a110

Heap address: 0x00000000c0000000, size: 1024 MB, Compressed Oops mode: 32-bit
CDS archive(s) mapped at: [0x0000000800000000-0x0000000800b50000-0x0000000800b50000), size 11862016, SharedBaseAddress: 0x0000000800000000, ArchiveRelocationMode: 0.
Compressed class space mapped at: 0x0000000800b50000-0x0000000840b50000, size: 1073741824
Narrow klass base: 0x0000000800000000, Narrow klass shift: 3, Narrow klass range: 0x100000000

GC Precious Log:
 CPUs: 4 total, 4 available
 Memory: 8077M
 Large Page Support: Disabled
 NUMA Support: Disabled
 Compressed Oops: Enabled (32-bit)
 Heap Min Capacity: 100M
 Heap Initial Capacity: 100M
 Heap Max Capacity: 1G
 Pre-touch: Disabled
 Parallel Workers: 4

Heap:
 PSYoungGen      total 13312K, used 9176K [0x00000000eab00000, 0x00000000ec600000, 0x0000000100000000)
  eden space 4096K, 0% used [0x00000000eab00000,0x00000000eab00000,0x00000000eaf00000)
  from space 9216K, 99% used [0x00000000eaf00000,0x00000000eb7f6008,0x00000000eb800000)
  to   space 11264K, 0% used [0x00000000ebb00000,0x00000000ebb00000,0x00000000ec600000)
 ParOldGen       total 335872K, used 333748K [0x00000000c0000000, 0x00000000d4800000, 0x00000000eab00000)
  object space 335872K, 99% used [0x00000000c0000000,0x00000000d45ed2b0,0x00000000d4800000)
 Metaspace       used 70723K, capacity 74335K, committed 74544K, reserved 1116160K
  class space    used 6770K, capacity 7801K, committed 7808K, reserved 1048576K

Card table byte_map: [0x0000026624370000,0x0000026624580000] _byte_map_base: 0x0000026623d70000

Marking Bits: (ParMarkBitMap*) 0x00007ffa5c24c0f0
 Begin Bits: [0x000002663bbe0000, 0x000002663cbe0000)
 End Bits:   [0x000002663cbe0000, 0x000002663dbe0000)

Polling page: 0x00000266228c0000

Metaspace:

Usage:
  Non-class:     64.97 MB capacity,    62.45 MB ( 96%) used,     2.42 MB (  4%) free+waste,   104.81 KB ( <1%) overhead. 
      Class:      7.62 MB capacity,     6.61 MB ( 87%) used,   987.45 KB ( 13%) free+waste,    43.25 KB ( <1%) overhead. 
       Both:     72.59 MB capacity,    69.07 MB ( 95%) used,     3.38 MB (  5%) free+waste,   148.06 KB ( <1%) overhead. 

Virtual space:
  Non-class space:       66.00 MB reserved,      65.17 MB ( 99%) committed 
      Class space:        1.00 GB reserved,       7.62 MB ( <1%) committed 
             Both:        1.06 GB reserved,      72.80 MB (  7%) committed 

Chunk freelists:
   Non-Class:  10.00 KB
       Class:  7.00 KB
        Both:  17.00 KB

MaxMetaspaceSize: 17179869184.00 GB
CompressedClassSpaceSize: 1.00 GB

CodeHeap 'non-profiled nmethods': size=120000Kb used=12901Kb max_used=12901Kb free=107098Kb
 bounds [0x00000266346b0000, 0x0000026635350000, 0x000002663bbe0000]
CodeHeap 'profiled nmethods': size=120000Kb used=27066Kb max_used=27066Kb free=92933Kb
 bounds [0x000002662d180000, 0x000002662ebf0000, 0x00000266346b0000]
CodeHeap 'non-nmethods': size=5760Kb used=1393Kb max_used=1524Kb free=4366Kb
 bounds [0x000002662cbe0000, 0x000002662ce50000, 0x000002662d180000]
 total_blobs=13310 nmethods=12605 adapters=615
 compilation: enabled
              stopped_count=0, restarted_count=0
 full_count=0

Compilation events (20 events):
Event: 135.108 Thread 0x000002663e565370 nmethod 16006 0x000002662ebec710 code [0x000002662ebec8a0, 0x000002662ebeca78]
Event: 135.121 Thread 0x0000026645c1e8d0 nmethod 16001 0x000002663533e790 code [0x000002663533eb80, 0x0000026635340ef8]
Event: 135.133 Thread 0x0000026645c1e8d0 16007       4       org.eclipse.jdt.core.compiler.CharOperation::pathMatch (701 bytes)
Event: 135.140 Thread 0x000002663e5638b0 16008       4       org.eclipse.jdt.core.compiler.CharOperation::match (300 bytes)
Event: 135.152 Thread 0x000002663e5638b0 nmethod 16008 0x0000026635266790 code [0x0000026635266920, 0x0000026635267178]
Event: 135.152 Thread 0x000002663e5638b0 16009   !   4       org.eclipse.core.internal.resources.ProjectPathVariableManager::resolveURI (173 bytes)
Event: 135.153 Thread 0x000002663e5638b0 nmethod 16009 0x0000026635266490 code [0x0000026635266600, 0x0000026635266698]
Event: 135.200 Thread 0x0000026645c1e8d0 nmethod 16007 0x0000026635342610 code [0x0000026635342800, 0x0000026635344e78]
Event: 135.204 Thread 0x000002663e5638b0 16010  s!   4       org.eclipse.jdt.internal.core.index.DiskIndex::readDocumentNumbers (119 bytes)
Event: 135.204 Thread 0x0000026645c1e8d0 16011       4       org.eclipse.jdt.core.search.SearchPattern::acceptMatch (211 bytes)
Event: 135.205 Thread 0x000002663e5638b0 nmethod 16010 0x0000026635266010 code [0x00000266352661a0, 0x0000026635266358]
Event: 135.205 Thread 0x000002663e5638b0 16012       4       org.eclipse.jdt.internal.core.index.EntryResult::getDocumentNames (238 bytes)
Event: 135.235 Thread 0x000002663e5638b0 nmethod 16012 0x0000026635346010 code [0x0000026635346260, 0x0000026635348070]
Event: 135.236 Thread 0x000002663e5638b0 16013       4       org.eclipse.jdt.internal.core.search.JavaSearchScope::indexOf (81 bytes)
Event: 135.238 Thread 0x000002663e565370 16014       3       org.eclipse.jdt.internal.core.index.EntryResult::getDocumentNames (238 bytes)
Event: 135.238 Thread 0x000002663e565370 nmethod 16014 0x000002662ebecb90 code [0x000002662ebece20, 0x000002662ebedd38]
Event: 135.252 Thread 0x000002663e5638b0 nmethod 16013 0x0000026635348f90 code [0x0000026635349140, 0x0000026635349848]
Event: 135.257 Thread 0x000002663e565370 16015       3       org.eclipse.jdt.internal.core.search.JavaSearchScope::indexOf (81 bytes)
Event: 135.257 Thread 0x000002663e565370 nmethod 16015 0x000002662ebee310 code [0x000002662ebee500, 0x000002662ebee908]
Event: 135.263 Thread 0x000002663e5638b0 16016       4       org.eclipse.jdt.internal.core.search.BasicSearchEngine$5::acceptIndexMatch (286 bytes)

GC Heap History (20 events):
Event: 134.581 GC heap after
{Heap after GC invocations=1111 (full 28):
 PSYoungGen      total 18944K, used 13685K [0x00000000eab00000, 0x00000000ecb80000, 0x0000000100000000)
  eden space 5120K, 0% used [0x00000000eab00000,0x00000000eab00000,0x00000000eb000000)
  from space 13824K, 99% used [0x00000000ebe00000,0x00000000ecb5d7e0,0x00000000ecb80000)
  to   space 13824K, 0% used [0x00000000eb000000,0x00000000eb000000,0x00000000ebd80000)
 ParOldGen       total 335872K, used 321734K [0x00000000c0000000, 0x00000000d4800000, 0x00000000eab00000)
  object space 335872K, 95% used [0x00000000c0000000,0x00000000d3a31a68,0x00000000d4800000)
 Metaspace       used 70593K, capacity 74207K, committed 74288K, reserved 1116160K
  class space    used 6768K, capacity 7801K, committed 7808K, reserved 1048576K
}
Event: 134.697 GC heap before
{Heap before GC invocations=1112 (full 28):
 PSYoungGen      total 18944K, used 18805K [0x00000000eab00000, 0x00000000ecb80000, 0x0000000100000000)
  eden space 5120K, 100% used [0x00000000eab00000,0x00000000eb000000,0x00000000eb000000)
  from space 13824K, 99% used [0x00000000ebe00000,0x00000000ecb5d7e0,0x00000000ecb80000)
  to   space 13824K, 0% used [0x00000000eb000000,0x00000000eb000000,0x00000000ebd80000)
 ParOldGen       total 335872K, used 321734K [0x00000000c0000000, 0x00000000d4800000, 0x00000000eab00000)
  object space 335872K, 95% used [0x00000000c0000000,0x00000000d3a31a68,0x00000000d4800000)
 Metaspace       used 70616K, capacity 74207K, committed 74288K, reserved 1116160K
  class space    used 6768K, capacity 7801K, committed 7808K, reserved 1048576K
}
Event: 134.707 GC heap after
{Heap after GC invocations=1112 (full 28):
 PSYoungGen      total 18944K, used 13804K [0x00000000eab00000, 0x00000000ed500000, 0x0000000100000000)
  eden space 5120K, 0% used [0x00000000eab00000,0x00000000eab00000,0x00000000eb000000)
  from space 13824K, 99% used [0x00000000eb000000,0x00000000ebd7b028,0x00000000ebd80000)
  to   space 18944K, 0% used [0x00000000ec280000,0x00000000ec280000,0x00000000ed500000)
 ParOldGen       total 335872K, used 326084K [0x00000000c0000000, 0x00000000d4800000, 0x00000000eab00000)
  object space 335872K, 97% used [0x00000000c0000000,0x00000000d3e71018,0x00000000d4800000)
 Metaspace       used 70616K, capacity 74207K, committed 74288K, reserved 1116160K
  class space    used 6768K, capacity 7801K, committed 7808K, reserved 1048576K
}
Event: 134.772 GC heap before
{Heap before GC invocations=1113 (full 28):
 PSYoungGen      total 18944K, used 18924K [0x00000000eab00000, 0x00000000ed500000, 0x0000000100000000)
  eden space 5120K, 100% used [0x00000000eab00000,0x00000000eb000000,0x00000000eb000000)
  from space 13824K, 99% used [0x00000000eb000000,0x00000000ebd7b028,0x00000000ebd80000)
  to   space 18944K, 0% used [0x00000000ec280000,0x00000000ec280000,0x00000000ed500000)
 ParOldGen       total 335872K, used 326084K [0x00000000c0000000, 0x00000000d4800000, 0x00000000eab00000)
  object space 335872K, 97% used [0x00000000c0000000,0x00000000d3e71018,0x00000000d4800000)
 Metaspace       used 70620K, capacity 74207K, committed 74288K, reserved 1116160K
  class space    used 6769K, capacity 7801K, committed 7808K, reserved 1048576K
}
Event: 134.781 GC heap after
{Heap after GC invocations=1113 (full 28):
 PSYoungGen      total 21504K, used 16330K [0x00000000eab00000, 0x00000000ed280000, 0x0000000100000000)
  eden space 5120K, 0% used [0x00000000eab00000,0x00000000eab00000,0x00000000eb000000)
  from space 16384K, 99% used [0x00000000ec280000,0x00000000ed2728f8,0x00000000ed280000)
  to   space 17408K, 0% used [0x00000000eb080000,0x00000000eb080000,0x00000000ec180000)
 ParOldGen       total 335872K, used 326124K [0x00000000c0000000, 0x00000000d4800000, 0x00000000eab00000)
  object space 335872K, 97% used [0x00000000c0000000,0x00000000d3e7b018,0x00000000d4800000)
 Metaspace       used 70620K, capacity 74207K, committed 74288K, reserved 1116160K
  class space    used 6769K, capacity 7801K, committed 7808K, reserved 1048576K
}
Event: 134.907 GC heap before
{Heap before GC invocations=1114 (full 28):
 PSYoungGen      total 21504K, used 21450K [0x00000000eab00000, 0x00000000ed280000, 0x0000000100000000)
  eden space 5120K, 100% used [0x00000000eab00000,0x00000000eb000000,0x00000000eb000000)
  from space 16384K, 99% used [0x00000000ec280000,0x00000000ed2728f8,0x00000000ed280000)
  to   space 17408K, 0% used [0x00000000eb080000,0x00000000eb080000,0x00000000ec180000)
 ParOldGen       total 335872K, used 326124K [0x00000000c0000000, 0x00000000d4800000, 0x00000000eab00000)
  object space 335872K, 97% used [0x00000000c0000000,0x00000000d3e7b018,0x00000000d4800000)
 Metaspace       used 70621K, capacity 74207K, committed 74288K, reserved 1116160K
  class space    used 6769K, capacity 7801K, committed 7808K, reserved 1048576K
}
Event: 134.915 GC heap after
{Heap after GC invocations=1114 (full 28):
 PSYoungGen      total 22528K, used 17378K [0x00000000eab00000, 0x00000000ed600000, 0x0000000100000000)
  eden space 5120K, 0% used [0x00000000eab00000,0x00000000eab00000,0x00000000eb000000)
  from space 17408K, 99% used [0x00000000eb080000,0x00000000ec178b18,0x00000000ec180000)
  to   space 19456K, 0% used [0x00000000ec300000,0x00000000ec300000,0x00000000ed600000)
 ParOldGen       total 335872K, used 327652K [0x00000000c0000000, 0x00000000d4800000, 0x00000000eab00000)
  object space 335872K, 97% used [0x00000000c0000000,0x00000000d3ff9368,0x00000000d4800000)
 Metaspace       used 70621K, capacity 74207K, committed 74288K, reserved 1116160K
  class space    used 6769K, capacity 7801K, committed 7808K, reserved 1048576K
}
Event: 134.963 GC heap before
{Heap before GC invocations=1115 (full 28):
 PSYoungGen      total 22528K, used 22498K [0x00000000eab00000, 0x00000000ed600000, 0x0000000100000000)
  eden space 5120K, 100% used [0x00000000eab00000,0x00000000eb000000,0x00000000eb000000)
  from space 17408K, 99% used [0x00000000eb080000,0x00000000ec178b18,0x00000000ec180000)
  to   space 19456K, 0% used [0x00000000ec300000,0x00000000ec300000,0x00000000ed600000)
 ParOldGen       total 335872K, used 327652K [0x00000000c0000000, 0x00000000d4800000, 0x00000000eab00000)
  object space 335872K, 97% used [0x00000000c0000000,0x00000000d3ff9368,0x00000000d4800000)
 Metaspace       used 70645K, capacity 74271K, committed 74288K, reserved 1116160K
  class space    used 6770K, capacity 7801K, committed 7808K, reserved 1048576K
}
Event: 134.971 GC heap after
{Heap after GC invocations=1115 (full 28):
 PSYoungGen      total 24064K, used 19345K [0x00000000eab00000, 0x00000000ed700000, 0x0000000100000000)
  eden space 4608K, 0% used [0x00000000eab00000,0x00000000eab00000,0x00000000eaf80000)
  from space 19456K, 99% used [0x00000000ec300000,0x00000000ed5e4530,0x00000000ed600000)
  to   space 19968K, 0% used [0x00000000eaf80000,0x00000000eaf80000,0x00000000ec300000)
 ParOldGen       total 335872K, used 327762K [0x00000000c0000000, 0x00000000d4800000, 0x00000000eab00000)
  object space 335872K, 97% used [0x00000000c0000000,0x00000000d4014a68,0x00000000d4800000)
 Metaspace       used 70645K, capacity 74271K, committed 74288K, reserved 1116160K
  class space    used 6770K, capacity 7801K, committed 7808K, reserved 1048576K
}
Event: 135.070 GC heap before
{Heap before GC invocations=1116 (full 28):
 PSYoungGen      total 24064K, used 23953K [0x00000000eab00000, 0x00000000ed700000, 0x0000000100000000)
  eden space 4608K, 100% used [0x00000000eab00000,0x00000000eaf80000,0x00000000eaf80000)
  from space 19456K, 99% used [0x00000000ec300000,0x00000000ed5e4530,0x00000000ed600000)
  to   space 19968K, 0% used [0x00000000eaf80000,0x00000000eaf80000,0x00000000ec300000)
 ParOldGen       total 335872K, used 327762K [0x00000000c0000000, 0x00000000d4800000, 0x00000000eab00000)
  object space 335872K, 97% used [0x00000000c0000000,0x00000000d4014a68,0x00000000d4800000)
 Metaspace       used 70721K, capacity 74335K, committed 74544K, reserved 1116160K
  class space    used 6770K, capacity 7801K, committed 7808K, reserved 1048576K
}
Event: 135.077 GC heap after
{Heap after GC invocations=1116 (full 28):
 PSYoungGen      total 24576K, used 19879K [0x00000000eab00000, 0x00000000ed780000, 0x0000000100000000)
  eden space 4608K, 0% used [0x00000000eab00000,0x00000000eab00000,0x00000000eaf80000)
  from space 19968K, 99% used [0x00000000eaf80000,0x00000000ec2e9fa8,0x00000000ec300000)
  to   space 20480K, 0% used [0x00000000ec380000,0x00000000ec380000,0x00000000ed780000)
 ParOldGen       total 335872K, used 328032K [0x00000000c0000000, 0x00000000d4800000, 0x00000000eab00000)
  object space 335872K, 97% used [0x00000000c0000000,0x00000000d40580e8,0x00000000d4800000)
 Metaspace       used 70721K, capacity 74335K, committed 74544K, reserved 1116160K
  class space    used 6770K, capacity 7801K, committed 7808K, reserved 1048576K
}
Event: 135.123 GC heap before
{Heap before GC invocations=1117 (full 28):
 PSYoungGen      total 24576K, used 24487K [0x00000000eab00000, 0x00000000ed780000, 0x0000000100000000)
  eden space 4608K, 100% used [0x00000000eab00000,0x00000000eaf80000,0x00000000eaf80000)
  from space 19968K, 99% used [0x00000000eaf80000,0x00000000ec2e9fa8,0x00000000ec300000)
  to   space 20480K, 0% used [0x00000000ec380000,0x00000000ec380000,0x00000000ed780000)
 ParOldGen       total 335872K, used 328032K [0x00000000c0000000, 0x00000000d4800000, 0x00000000eab00000)
  object space 335872K, 97% used [0x00000000c0000000,0x00000000d40580e8,0x00000000d4800000)
 Metaspace       used 70723K, capacity 74335K, committed 74544K, reserved 1116160K
  class space    used 6770K, capacity 7801K, committed 7808K, reserved 1048576K
}
Event: 135.131 GC heap after
{Heap after GC invocations=1117 (full 28):
 PSYoungGen      total 24576K, used 20384K [0x00000000eab00000, 0x00000000ed880000, 0x0000000100000000)
  eden space 4096K, 0% used [0x00000000eab00000,0x00000000eab00000,0x00000000eaf00000)
  from space 20480K, 99% used [0x00000000ec380000,0x00000000ed768090,0x00000000ed780000)
  to   space 20992K, 0% used [0x00000000eaf00000,0x00000000eaf00000,0x00000000ec380000)
 ParOldGen       total 335872K, used 328191K [0x00000000c0000000, 0x00000000d4800000, 0x00000000eab00000)
  object space 335872K, 97% used [0x00000000c0000000,0x00000000d407fc70,0x00000000d4800000)
 Metaspace       used 70723K, capacity 74335K, committed 74544K, reserved 1116160K
  class space    used 6770K, capacity 7801K, committed 7808K, reserved 1048576K
}
Event: 135.241 GC heap before
{Heap before GC invocations=1118 (full 28):
 PSYoungGen      total 24576K, used 24480K [0x00000000eab00000, 0x00000000ed880000, 0x0000000100000000)
  eden space 4096K, 100% used [0x00000000eab00000,0x00000000eaf00000,0x00000000eaf00000)
  from space 20480K, 99% used [0x00000000ec380000,0x00000000ed768090,0x00000000ed780000)
  to   space 20992K, 0% used [0x00000000eaf00000,0x00000000eaf00000,0x00000000ec380000)
 ParOldGen       total 335872K, used 328191K [0x00000000c0000000, 0x00000000d4800000, 0x00000000eab00000)
  object space 335872K, 97% used [0x00000000c0000000,0x00000000d407fc70,0x00000000d4800000)
 Metaspace       used 70723K, capacity 74335K, committed 74544K, reserved 1116160K
  class space    used 6770K, capacity 7801K, committed 7808K, reserved 1048576K
}
Event: 135.252 GC heap after
{Heap after GC invocations=1118 (full 28):
 PSYoungGen      total 18944K, used 14410K [0x00000000eab00000, 0x00000000ed000000, 0x0000000100000000)
  eden space 4096K, 0% used [0x00000000eab00000,0x00000000eab00000,0x00000000eaf00000)
  from space 14848K, 97% used [0x00000000eaf00000,0x00000000ebd12a28,0x00000000ebd80000)
  to   space 16896K, 0% used [0x00000000ebf80000,0x00000000ebf80000,0x00000000ed000000)
 ParOldGen       total 335872K, used 328303K [0x00000000c0000000, 0x00000000d4800000, 0x00000000eab00000)
  object space 335872K, 97% used [0x00000000c0000000,0x00000000d409bc70,0x00000000d4800000)
 Metaspace       used 70723K, capacity 74335K, committed 74544K, reserved 1116160K
  class space    used 6770K, capacity 7801K, committed 7808K, reserved 1048576K
}
Event: 135.315 GC heap before
{Heap before GC invocations=1119 (full 28):
 PSYoungGen      total 18944K, used 18506K [0x00000000eab00000, 0x00000000ed000000, 0x0000000100000000)
  eden space 4096K, 100% used [0x00000000eab00000,0x00000000eaf00000,0x00000000eaf00000)
  from space 14848K, 97% used [0x00000000eaf00000,0x00000000ebd12a28,0x00000000ebd80000)
  to   space 16896K, 0% used [0x00000000ebf80000,0x00000000ebf80000,0x00000000ed000000)
 ParOldGen       total 335872K, used 328303K [0x00000000c0000000, 0x00000000d4800000, 0x00000000eab00000)
  object space 335872K, 97% used [0x00000000c0000000,0x00000000d409bc70,0x00000000d4800000)
 Metaspace       used 70723K, capacity 74335K, committed 74544K, reserved 1116160K
  class space    used 6770K, capacity 7801K, committed 7808K, reserved 1048576K
}
Event: 135.322 GC heap after
{Heap after GC invocations=1119 (full 28):
 PSYoungGen      total 18944K, used 14360K [0x00000000eab00000, 0x00000000ece00000, 0x0000000100000000)
  eden space 4096K, 0% used [0x00000000eab00000,0x00000000eab00000,0x00000000eaf00000)
  from space 14848K, 96% used [0x00000000ebf80000,0x00000000ecd86040,0x00000000ece00000)
  to   space 14848K, 0% used [0x00000000eaf00000,0x00000000eaf00000,0x00000000ebd80000)
 ParOldGen       total 335872K, used 328367K [0x00000000c0000000, 0x00000000d4800000, 0x00000000eab00000)
  object space 335872K, 97% used [0x00000000c0000000,0x00000000d40abc70,0x00000000d4800000)
 Metaspace       used 70723K, capacity 74335K, committed 74544K, reserved 1116160K
  class space    used 6770K, capacity 7801K, committed 7808K, reserved 1048576K
}
Event: 135.340 GC heap before
{Heap before GC invocations=1120 (full 28):
 PSYoungGen      total 18944K, used 18456K [0x00000000eab00000, 0x00000000ece00000, 0x0000000100000000)
  eden space 4096K, 100% used [0x00000000eab00000,0x00000000eaf00000,0x00000000eaf00000)
  from space 14848K, 96% used [0x00000000ebf80000,0x00000000ecd86040,0x00000000ece00000)
  to   space 14848K, 0% used [0x00000000eaf00000,0x00000000eaf00000,0x00000000ebd80000)
 ParOldGen       total 335872K, used 328367K [0x00000000c0000000, 0x00000000d4800000, 0x00000000eab00000)
  object space 335872K, 97% used [0x00000000c0000000,0x00000000d40abc70,0x00000000d4800000)
 Metaspace       used 70723K, capacity 74335K, committed 74544K, reserved 1116160K
  class space    used 6770K, capacity 7801K, committed 7808K, reserved 1048576K
}
Event: 135.350 GC heap after
{Heap after GC invocations=1120 (full 28):
 PSYoungGen      total 13312K, used 9176K [0x00000000eab00000, 0x00000000ec600000, 0x0000000100000000)
  eden space 4096K, 0% used [0x00000000eab00000,0x00000000eab00000,0x00000000eaf00000)
  from space 9216K, 99% used [0x00000000eaf00000,0x00000000eb7f6008,0x00000000eb800000)
  to   space 11264K, 0% used [0x00000000ebb00000,0x00000000ebb00000,0x00000000ec600000)
 ParOldGen       total 335872K, used 333748K [0x00000000c0000000, 0x00000000d4800000, 0x00000000eab00000)
  object space 335872K, 99% used [0x00000000c0000000,0x00000000d45ed2b0,0x00000000d4800000)
 Metaspace       used 70723K, capacity 74335K, committed 74544K, reserved 1116160K
  class space    used 6770K, capacity 7801K, committed 7808K, reserved 1048576K
}
Event: 135.350 GC heap before
{Heap before GC invocations=1121 (full 29):
 PSYoungGen      total 13312K, used 9176K [0x00000000eab00000, 0x00000000ec600000, 0x0000000100000000)
  eden space 4096K, 0% used [0x00000000eab00000,0x00000000eab00000,0x00000000eaf00000)
  from space 9216K, 99% used [0x00000000eaf00000,0x00000000eb7f6008,0x00000000eb800000)
  to   space 11264K, 0% used [0x00000000ebb00000,0x00000000ebb00000,0x00000000ec600000)
 ParOldGen       total 335872K, used 333748K [0x00000000c0000000, 0x00000000d4800000, 0x00000000eab00000)
  object space 335872K, 99% used [0x00000000c0000000,0x00000000d45ed2b0,0x00000000d4800000)
 Metaspace       used 70723K, capacity 74335K, committed 74544K, reserved 1116160K
  class space    used 6770K, capacity 7801K, committed 7808K, reserved 1048576K
}

Deoptimization events (20 events):
Event: 135.112 Thread 0x000002664039a110 Uncommon trap: trap_request=0xffffffbe fr.pc=0x000002663533ca34 relative=0x00000000000017b4
Event: 135.112 Thread 0x000002664039a110 Uncommon trap: reason=profile_predicate action=maybe_recompile pc=0x000002663533ca34 method=org.eclipse.jdt.core.compiler.CharOperation.match([CII[CIIZ)Z @ 41 c2
Event: 135.112 Thread 0x000002664039a110 DEOPT PACKING pc=0x000002663533ca34 sp=0x000000b5390fd700
Event: 135.113 Thread 0x000002664039a110 DEOPT UNPACKING pc=0x000002662cc2e42f sp=0x000000b5390fd5d8 mode 2
Event: 135.133 Thread 0x0000026640394f40 Uncommon trap: trap_request=0xffffffbe fr.pc=0x000002663533ca34 relative=0x00000000000017b4
Event: 135.133 Thread 0x0000026640394f40 Uncommon trap: reason=profile_predicate action=maybe_recompile pc=0x000002663533ca34 method=org.eclipse.jdt.core.compiler.CharOperation.match([CII[CIIZ)Z @ 41 c2
Event: 135.133 Thread 0x0000026640394f40 DEOPT PACKING pc=0x000002663533ca34 sp=0x000000b53b5fd880
Event: 135.133 Thread 0x0000026640394f40 DEOPT UNPACKING pc=0x000002662cc2e42f sp=0x000000b53b5fd758 mode 2
Event: 135.140 Thread 0x0000026640394f40 Uncommon trap: trap_request=0xffffffbe fr.pc=0x00000266350f1d28 relative=0x0000000000000388
Event: 135.140 Thread 0x0000026640394f40 Uncommon trap: reason=profile_predicate action=maybe_recompile pc=0x00000266350f1d28 method=org.eclipse.jdt.core.compiler.CharOperation.match([CII[CIIZ)Z @ 41 c2
Event: 135.140 Thread 0x0000026640394f40 DEOPT PACKING pc=0x00000266350f1d28 sp=0x000000b53b5fd790
Event: 135.140 Thread 0x0000026640394f40 DEOPT UNPACKING pc=0x000002662cc2e42f sp=0x000000b53b5fd730 mode 2
Event: 135.236 Thread 0x000002664039a110 Uncommon trap: trap_request=0xffffff45 fr.pc=0x0000026635347748 relative=0x00000000000014e8
Event: 135.236 Thread 0x000002664039a110 Uncommon trap: reason=unstable_if action=reinterpret pc=0x0000026635347748 method=org.eclipse.jdt.internal.core.index.DiskIndex.readDocumentName(I)Ljava/lang/String; @ 41 c2
Event: 135.236 Thread 0x000002664039a110 DEOPT PACKING pc=0x0000026635347748 sp=0x000000b5390fd830
Event: 135.236 Thread 0x000002664039a110 DEOPT UNPACKING pc=0x000002662cc2e42f sp=0x000000b5390fd7a0 mode 2
Event: 135.255 Thread 0x000002664039a110 Uncommon trap: trap_request=0xffffff45 fr.pc=0x000002663534958c relative=0x000000000000044c
Event: 135.255 Thread 0x000002664039a110 Uncommon trap: reason=unstable_if action=reinterpret pc=0x000002663534958c method=org.eclipse.jdt.internal.core.search.JavaSearchScope.indexOf(Ljava/lang/String;Ljava/lang/String;)I @ 27 c2
Event: 135.255 Thread 0x000002664039a110 DEOPT PACKING pc=0x000002663534958c sp=0x000000b5390fd7e0
Event: 135.255 Thread 0x000002664039a110 DEOPT UNPACKING pc=0x000002662cc2e42f sp=0x000000b5390fd788 mode 2

Classes unloaded (20 events):
Event: 96.806 Thread 0x000002663e5610f0 Unloading class 0x00000008011094b0 'org/codehaus/plexus/compiler/javac/JavacCompiler'
Event: 96.806 Thread 0x000002663e5610f0 Unloading class 0x00000008011091f0 'org/codehaus/plexus/compiler/AbstractCompiler'
Event: 96.806 Thread 0x000002663e5610f0 Unloading class 0x0000000801108fa0 'org/codehaus/plexus/compiler/manager/DefaultCompilerManager'
Event: 96.806 Thread 0x000002663e5610f0 Unloading class 0x0000000801108d68 'org/codehaus/plexus/compiler/CompilerResult'
Event: 96.806 Thread 0x000002663e5610f0 Unloading class 0x0000000801108958 'org/codehaus/plexus/compiler/CompilerConfiguration'
Event: 96.806 Thread 0x000002663e5610f0 Unloading class 0x0000000801108760 'org/codehaus/plexus/compiler/util/scan/SourceInclusionScanner'
Event: 96.806 Thread 0x000002663e5610f0 Unloading class 0x00000008011084f8 'org/apache/maven/plugin/compiler/CompilationFailureException'
Event: 96.806 Thread 0x000002663e5610f0 Unloading class 0x0000000801108298 'org/codehaus/plexus/compiler/manager/NoSuchCompilerException'
Event: 96.806 Thread 0x000002663e5610f0 Unloading class 0x0000000801108040 'org/codehaus/plexus/compiler/CompilerNotImplementedException'
Event: 96.806 Thread 0x000002663e5610f0 Unloading class 0x0000000801102cc0 'org/codehaus/plexus/compiler/CompilerException'
Event: 96.806 Thread 0x000002663e5610f0 Unloading class 0x0000000801102a68 'org/codehaus/plexus/compiler/util/scan/InclusionScanException'
Event: 96.806 Thread 0x000002663e5610f0 Unloading class 0x0000000801102840 'org/codehaus/plexus/compiler/util/scan/mapping/SingleTargetSourceMapping'
Event: 96.806 Thread 0x000002663e5610f0 Unloading class 0x0000000801102430 'org/codehaus/plexus/compiler/util/scan/mapping/SuffixMapping'
Event: 96.806 Thread 0x000002663e5610f0 Unloading class 0x0000000801102238 'org/codehaus/plexus/compiler/util/scan/mapping/SourceMapping'
Event: 96.806 Thread 0x000002663e5610f0 Unloading class 0x0000000801102040 'org/codehaus/plexus/compiler/Compiler'
Event: 96.806 Thread 0x000002663e5610f0 Unloading class 0x0000000801101db0 'org/codehaus/plexus/compiler/manager/CompilerManager'
Event: 96.806 Thread 0x000002663e5610f0 Unloading class 0x0000000801101b30 'org/apache/maven/plugin/compiler/HelpMojo'
Event: 96.806 Thread 0x000002663e5610f0 Unloading class 0x0000000801101840 'org/apache/maven/plugin/compiler/CompilerMojo'
Event: 96.806 Thread 0x000002663e5610f0 Unloading class 0x0000000801101330 'org/apache/maven/plugin/compiler/TestCompilerMojo'
Event: 96.806 Thread 0x000002663e5610f0 Unloading class 0x0000000801101040 'org/apache/maven/plugin/compiler/AbstractCompilerMojo'

Classes redefined (0 events):
No events

Internal exceptions (20 events):
Event: 133.739 Thread 0x000002663ff47560 Implicit null exception at 0x000002662eaee8ff to 0x000002662eaf3842
Event: 133.739 Thread 0x000002663ff47560 Exception <a 'java/lang/NullPointerException'{0x00000000eb1502a8}> (0x00000000eb1502a8) 
thrown [./open/src/hotspot/share/runtime/sharedRuntime.cpp, line 585]
Event: 133.739 Thread 0x000002663ff47560 Implicit null exception at 0x000002662eaee8ff to 0x000002662eaf3842
Event: 133.739 Thread 0x000002663ff47560 Exception <a 'java/lang/NullPointerException'{0x00000000eb150590}> (0x00000000eb150590) 
thrown [./open/src/hotspot/share/runtime/sharedRuntime.cpp, line 585]
Event: 133.739 Thread 0x000002663ff47560 Implicit null exception at 0x000002662eaee8ff to 0x000002662eaf3842
Event: 133.739 Thread 0x000002663ff47560 Exception <a 'java/lang/NullPointerException'{0x00000000eb150878}> (0x00000000eb150878) 
thrown [./open/src/hotspot/share/runtime/sharedRuntime.cpp, line 585]
Event: 133.739 Thread 0x000002663ff47560 Implicit null exception at 0x000002662eaee8ff to 0x000002662eaf3842
Event: 133.739 Thread 0x000002663ff47560 Exception <a 'java/lang/NullPointerException'{0x00000000eb150f40}> (0x00000000eb150f40) 
thrown [./open/src/hotspot/share/runtime/sharedRuntime.cpp, line 585]
Event: 133.739 Thread 0x000002663ff47560 Implicit null exception at 0x000002662eaee8ff to 0x000002662eaf3842
Event: 133.739 Thread 0x000002663ff47560 Exception <a 'java/lang/NullPointerException'{0x00000000eb151228}> (0x00000000eb151228) 
thrown [./open/src/hotspot/share/runtime/sharedRuntime.cpp, line 585]
Event: 133.739 Thread 0x000002663ff47560 Implicit null exception at 0x000002662eaee8ff to 0x000002662eaf3842
Event: 133.739 Thread 0x000002663ff47560 Exception <a 'java/lang/NullPointerException'{0x00000000eb151510}> (0x00000000eb151510) 
thrown [./open/src/hotspot/share/runtime/sharedRuntime.cpp, line 585]
Event: 134.533 Thread 0x000002664039a110 Exception <a 'java/lang/ArrayIndexOutOfBoundsException'{0x00000000eaff88a8}: Index 7029 out of bounds for length 7029> (0x00000000eaff88a8) 
thrown [./open/src/hotspot/share/interpreter/interpreterRuntime.cpp, line 443]
Event: 134.533 Thread 0x000002664039a110 Exception <a 'java/lang/ArrayIndexOutOfBoundsException'{0x00000000eaff8ed8}: Index 7029 out of bounds for length 7029> (0x00000000eaff8ed8) 
thrown [./open/src/hotspot/share/interpreter/interpreterRuntime.cpp, line 443]
Event: 134.533 Thread 0x000002664039a110 Exception <a 'java/lang/ArrayIndexOutOfBoundsException'{0x00000000eaff94d8}: Index 7030 out of bounds for length 7029> (0x00000000eaff94d8) 
thrown [./open/src/hotspot/share/interpreter/interpreterRuntime.cpp, line 443]
Event: 134.543 Thread 0x000002664039a110 Exception <a 'java/lang/ArrayIndexOutOfBoundsException'{0x00000000eab13620}: Index 2043 out of bounds for length 2043> (0x00000000eab13620) 
thrown [./open/src/hotspot/share/interpreter/interpreterRuntime.cpp, line 443]
Event: 134.805 Thread 0x000002664039a110 Implicit null exception at 0x0000026634ff53a0 to 0x0000026634ff5674
Event: 135.063 Thread 0x0000026640394f40 Exception <a 'java/lang/ArrayIndexOutOfBoundsException'{0x00000000eaeda1e0}> (0x00000000eaeda1e0) 
thrown [./open/src/hotspot/share/runtime/sharedRuntime.cpp, line 585]
Event: 135.063 Thread 0x0000026640394f40 Exception <a 'java/lang/ArrayIndexOutOfBoundsException'{0x00000000eaeda810}> (0x00000000eaeda810) 
thrown [./open/src/hotspot/share/runtime/sharedRuntime.cpp, line 585]
Event: 135.063 Thread 0x0000026640394f40 Exception <a 'java/lang/ArrayIndexOutOfBoundsException'{0x00000000eaedab98}> (0x00000000eaedab98) 
thrown [./open/src/hotspot/share/runtime/sharedRuntime.cpp, line 585]

Events (20 events):
Event: 134.917 Executing VM operation: HandshakeAllThreads done
Event: 134.963 Executing VM operation: ParallelGCFailedAllocation
Event: 134.971 Executing VM operation: ParallelGCFailedAllocation done
Event: 134.971 Executing VM operation: HandshakeAllThreads
Event: 134.971 Executing VM operation: HandshakeAllThreads done
Event: 135.070 Executing VM operation: ParallelGCFailedAllocation
Event: 135.078 Executing VM operation: ParallelGCFailedAllocation done
Event: 135.123 Executing VM operation: ParallelGCFailedAllocation
Event: 135.133 Executing VM operation: ParallelGCFailedAllocation done
Event: 135.133 Executing VM operation: HandshakeAllThreads
Event: 135.133 Executing VM operation: HandshakeAllThreads done
Event: 135.241 Executing VM operation: ParallelGCFailedAllocation
Event: 135.252 Executing VM operation: ParallelGCFailedAllocation done
Event: 135.253 Executing VM operation: HandshakeAllThreads
Event: 135.253 Executing VM operation: HandshakeAllThreads done
Event: 135.315 Executing VM operation: ParallelGCFailedAllocation
Event: 135.323 Executing VM operation: ParallelGCFailedAllocation done
Event: 135.323 Executing VM operation: HandshakeAllThreads
Event: 135.323 Executing VM operation: HandshakeAllThreads done
Event: 135.340 Executing VM operation: ParallelGCFailedAllocation


Dynamic libraries:
0x00007ff769200000 - 0x00007ff76920d000 	C:\Program Files\Java\jdk-15.0.1\bin\java.exe
0x00007ffad3050000 - 0x00007ffad3246000 	C:\WINDOWS\SYSTEM32\ntdll.dll
0x00007ffad22f0000 - 0x00007ffad23ad000 	C:\WINDOWS\System32\KERNEL32.DLL
0x00007ffad0be0000 - 0x00007ffad0ea9000 	C:\WINDOWS\System32\KERNELBASE.dll
0x00007ffad0eb0000 - 0x00007ffad0fb0000 	C:\WINDOWS\System32\ucrtbase.dll
0x00007ffab0bf0000 - 0x00007ffab0c08000 	C:\Program Files\Java\jdk-15.0.1\bin\jli.dll
0x00007ffab08b0000 - 0x00007ffab08c9000 	C:\Program Files\Java\jdk-15.0.1\bin\VCRUNTIME140.dll
0x00007ffad1e60000 - 0x00007ffad2000000 	C:\WINDOWS\System32\USER32.dll
0x00007ffad0b00000 - 0x00007ffad0b22000 	C:\WINDOWS\System32\win32u.dll
0x00007ffabe5c0000 - 0x00007ffabe85b000 	C:\WINDOWS\WinSxS\amd64_microsoft.windows.common-controls_6595b64144ccf1df_6.0.19041.488_none_ca04af081b815d21\COMCTL32.dll
0x00007ffad28d0000 - 0x00007ffad28fa000 	C:\WINDOWS\System32\GDI32.dll
0x00007ffad23c0000 - 0x00007ffad245e000 	C:\WINDOWS\System32\msvcrt.dll
0x00007ffad09f0000 - 0x00007ffad0af9000 	C:\WINDOWS\System32\gdi32full.dll
0x00007ffad1010000 - 0x00007ffad10ad000 	C:\WINDOWS\System32\msvcp_win.dll
0x00007ffad2000000 - 0x00007ffad2030000 	C:\WINDOWS\System32\IMM32.DLL
0x00007ffac4d70000 - 0x00007ffac4d7c000 	C:\Program Files\Java\jdk-15.0.1\bin\vcruntime140_1.dll
0x00007ffa96ad0000 - 0x00007ffa96b61000 	C:\Program Files\Java\jdk-15.0.1\bin\msvcp140.dll
0x00007ffa5b7b0000 - 0x00007ffa5c30e000 	C:\Program Files\Java\jdk-15.0.1\bin\server\jvm.dll
0x00007ffad2820000 - 0x00007ffad28cc000 	C:\WINDOWS\System32\ADVAPI32.dll
0x00007ffad10b0000 - 0x00007ffad114c000 	C:\WINDOWS\System32\sechost.dll
0x00007ffad2ee0000 - 0x00007ffad300b000 	C:\WINDOWS\System32\RPCRT4.dll
0x00007ffad2e20000 - 0x00007ffad2e28000 	C:\WINDOWS\System32\PSAPI.DLL
0x00007ffab96b0000 - 0x00007ffab96b9000 	C:\WINDOWS\SYSTEM32\WSOCK32.dll
0x00007ffabea10000 - 0x00007ffabea37000 	C:\WINDOWS\SYSTEM32\WINMM.dll
0x00007ffad1b80000 - 0x00007ffad1beb000 	C:\WINDOWS\System32\WS2_32.dll
0x00007ffac81e0000 - 0x00007ffac81ea000 	C:\WINDOWS\SYSTEM32\VERSION.dll
0x00007ffacf0a0000 - 0x00007ffacf0b2000 	C:\WINDOWS\SYSTEM32\kernel.appcore.dll
0x00007ffac4590000 - 0x00007ffac459a000 	C:\Program Files\Java\jdk-15.0.1\bin\jimage.dll
0x00007ffaced20000 - 0x00007ffacef04000 	C:\WINDOWS\SYSTEM32\DBGHELP.DLL
0x00007ffab7640000 - 0x00007ffab766c000 	C:\WINDOWS\SYSTEM32\dbgcore.DLL
0x00007ffad07e0000 - 0x00007ffad0860000 	C:\WINDOWS\System32\bcryptPrimitives.dll
0x00007ffaa5e70000 - 0x00007ffaa5e95000 	C:\Program Files\Java\jdk-15.0.1\bin\java.dll
0x00007ffad1420000 - 0x00007ffad1b62000 	C:\WINDOWS\System32\SHELL32.dll
0x00007fface4b0000 - 0x00007ffacec45000 	C:\WINDOWS\SYSTEM32\windows.storage.dll
0x00007ffad24c0000 - 0x00007ffad2816000 	C:\WINDOWS\System32\combase.dll
0x00007ffad0200000 - 0x00007ffad022c000 	C:\WINDOWS\SYSTEM32\Wldp.dll
0x00007ffad2900000 - 0x00007ffad29ae000 	C:\WINDOWS\System32\SHCORE.dll
0x00007ffad1bf0000 - 0x00007ffad1c45000 	C:\WINDOWS\System32\shlwapi.dll
0x00007ffad06c0000 - 0x00007ffad06e6000 	C:\WINDOWS\SYSTEM32\profapi.dll
0x00007ffab0230000 - 0x00007ffab0249000 	C:\Program Files\Java\jdk-15.0.1\bin\net.dll
0x00007ffac6840000 - 0x00007ffac6940000 	C:\WINDOWS\SYSTEM32\WINHTTP.dll
0x00007ffacff80000 - 0x00007ffacffea000 	C:\WINDOWS\system32\mswsock.dll
0x00007ffaa6940000 - 0x00007ffaa6952000 	C:\Program Files\Java\jdk-15.0.1\bin\nio.dll
0x00007ffaa5e50000 - 0x00007ffaa5e68000 	C:\Program Files\Java\jdk-15.0.1\bin\zip.dll
0x00007ffad0160000 - 0x00007ffad0178000 	C:\WINDOWS\SYSTEM32\CRYPTSP.dll
0x00007ffacf8a0000 - 0x00007ffacf8d4000 	C:\WINDOWS\system32\rsaenh.dll
0x00007ffad09c0000 - 0x00007ffad09e7000 	C:\WINDOWS\System32\bcrypt.dll
0x00007ffad0680000 - 0x00007ffad06ae000 	C:\WINDOWS\SYSTEM32\USERENV.dll
0x00007ffad0150000 - 0x00007ffad015c000 	C:\WINDOWS\SYSTEM32\CRYPTBASE.dll
0x00007ffacfc20000 - 0x00007ffacfc5b000 	C:\WINDOWS\SYSTEM32\IPHLPAPI.DLL
0x00007ffad1b70000 - 0x00007ffad1b78000 	C:\WINDOWS\System32\NSI.dll
0x00007fface320000 - 0x00007fface337000 	C:\WINDOWS\SYSTEM32\dhcpcsvc6.DLL
0x00007fface300000 - 0x00007fface31d000 	C:\WINDOWS\SYSTEM32\dhcpcsvc.DLL
0x00007ffacfc70000 - 0x00007ffacfd3b000 	C:\WINDOWS\SYSTEM32\DNSAPI.dll
0x00007ffaa4310000 - 0x00007ffaa433a000 	C:\Users\User\AppData\Roaming\Code\User\globalStorage\redhat.java\0.73.0\config_win\org.eclipse.equinox.launcher\org.eclipse.equinox.launcher.win32.win32.x86_64_1.2.0.v20200915-1442\eclipse_11100.dll
0x00007ffac19b0000 - 0x00007ffac19c0000 	C:\Program Files\Java\jdk-15.0.1\bin\verify.dll
0x00007ffaa43a0000 - 0x00007ffaa43b1000 	C:\Users\User\AppData\Roaming\Code\User\globalStorage\redhat.java\0.73.0\config_win\org.eclipse.osgi\23\0\.cp\jWinHttp-1.0.0.dll
0x00007ffad21a0000 - 0x00007ffad22ca000 	C:\WINDOWS\System32\ole32.dll

dbghelp: loaded successfully - version: 4.0.5 - missing functions: none
symbol engine: initialized successfully - sym options: 0x614 - pdb path: .;C:\Program Files\Java\jdk-15.0.1\bin;C:\WINDOWS\SYSTEM32;C:\WINDOWS\WinSxS\amd64_microsoft.windows.common-controls_6595b64144ccf1df_6.0.19041.488_none_ca04af081b815d21;C:\Program Files\Java\jdk-15.0.1\bin\server;C:\Users\User\AppData\Roaming\Code\User\globalStorage\redhat.java\0.73.0\config_win\org.eclipse.equinox.launcher\org.eclipse.equinox.launcher.win32.win32.x86_64_1.2.0.v20200915-1442;C:\Users\User\AppData\Roaming\Code\User\globalStorage\redhat.java\0.73.0\config_win\org.eclipse.osgi\23\0\.cp

VM Arguments:
jvm_args: --add-modules=ALL-SYSTEM --add-opens=java.base/java.util=ALL-UNNAMED --add-opens=java.base/java.lang=ALL-UNNAMED -Declipse.application=org.eclipse.jdt.ls.core.id1 -Dosgi.bundles.defaultStartLevel=4 -Declipse.product=org.eclipse.jdt.ls.core.product -Dfile.encoding=utf8 -DwatchParentProcess=false -XX:+UseParallelGC -XX:GCTimeRatio=4 -XX:AdaptiveSizePolicyWeight=90 -Dsun.zip.disableMemoryMapping=true -Xmx1G -Xms100m 
java_command: c:\Users\User\.vscode\extensions\redhat.java-0.73.0\server\plugins\org.eclipse.equinox.launcher_1.6.0.v20200915-1508.jar -configuration c:\Users\User\AppData\Roaming\Code\User\globalStorage\redhat.java\0.73.0\config_win -data c:\Users\User\AppData\Roaming\Code\User\workspaceStorage\c094b47b01860d2b57fab0f42e5bf511\redhat.java\jdt_ws
java_class_path (initial): c:\Users\User\.vscode\extensions\redhat.java-0.73.0\server\plugins\org.eclipse.equinox.launcher_1.6.0.v20200915-1508.jar
Launcher Type: SUN_STANDARD

[Global flags]
    uintx AdaptiveSizePolicyWeight                 = 90                                        {product} {command line}
     intx CICompilerCount                          = 3                                         {product} {ergonomic}
    uintx GCTimeRatio                              = 4                                         {product} {command line}
   size_t InitialHeapSize                          = 104857600                                 {product} {command line}
   size_t MaxHeapSize                              = 1073741824                                {product} {command line}
   size_t MaxNewSize                               = 357564416                                 {product} {ergonomic}
   size_t MinHeapDeltaBytes                        = 524288                                    {product} {ergonomic}
   size_t MinHeapSize                              = 104857600                                 {product} {command line}
   size_t NewSize                                  = 34603008                                  {product} {ergonomic}
    uintx NonNMethodCodeHeapSize                   = 5832780                                {pd product} {ergonomic}
    uintx NonProfiledCodeHeapSize                  = 122912730                              {pd product} {ergonomic}
   size_t OldSize                                  = 70254592                                  {product} {ergonomic}
    uintx ProfiledCodeHeapSize                     = 122912730                              {pd product} {ergonomic}
    uintx ReservedCodeCacheSize                    = 251658240                              {pd product} {ergonomic}
     bool SegmentedCodeCache                       = true                                      {product} {ergonomic}
   size_t SoftMaxHeapSize                          = 1073741824                             {manageable} {ergonomic}
     bool UseCompressedClassPointers               = true                                 {lp64_product} {ergonomic}
     bool UseCompressedOops                        = true                                 {lp64_product} {ergonomic}
     bool UseLargePagesIndividualAllocation        = false                                  {pd product} {ergonomic}
     bool UseParallelGC                            = true                                      {product} {command line}

Logging:
Log output configuration:
 #0: stdout all=warning uptime,level,tags
 #1: stderr all=off uptime,level,tags

Environment Variables:
JAVA_HOME=C:\Program Files\Java\jdk1.8.0_271
PATH=C:\Program Files\Common Files\Oracle\Java\javapath;C:\Program Files\Java\jdk-13.0.2\bin;C:\Program Files (x86)\Common Files\Oracle\Java\javapath;C:\Program Files (x86)\Intel\iCLS Client\;C:\Program Files\Intel\iCLS Client\;C:\windows\system32;C:\windows;C:\windows\System32\Wbem;C:\windows\System32\WindowsPowerShell\v1.0\;C:\Program Files (x86)\Intel\Intel(R) Management Engine Components\DAL;C:\Program Files\Intel\Intel(R) Management Engine Components\DAL;C:\Program Files (x86)\Intel\Intel(R) Management Engine Components\IPT;C:\Program Files\Intel\Intel(R) Management Engine Components\IPT;C:\Program Files (x86)\NVIDIA Corporation\PhysX\Common;C:\WINDOWS\system32;C:\WINDOWS;C:\WINDOWS\System32\Wbem;C:\WINDOWS\System32\WindowsPowerShell\v1.0\;C:\WINDOWS\System32\OpenSSH\;C:\MinGW\bin;C:\Program Files (x86)\IVI Foundation\VISA\WinNT\Bin;C:\Program Files\Git\cmd;C:\Program Files\Intel\WiFi\bin\;C:\Program Files\Common Files\Intel\WirelessCommon\;C:\Program Files\MATLAB\R2019b\bin;C:\Users\User\Downloads\apache-maven-3.6.3-bin\apache-maven-3.6.3\bin;C:\Program Files\PuTTY\;C:\Program Files\Amazon\AWSCLIV2\;C:\Python27;C:\Cassandra\apache-cassandra-3.11.9\bin;C:\Ruby26-x64\bin;C:\Users\User\AppData\Local\Microsoft\WindowsApps;C:\Program Files\JetBrains\IntelliJ IDEA Community Edition 2019.1.1\bin;C:\Program Files (x86)\Common Files\Oracle\Java\javapath;C:\Program Files\JetBrains\IntelliJ IDEA 2019.2.3\bin;C:\Users\User\AppData\Local\GitHubDesktop\bin;C:\Program Files\Docker Toolbox;;C:\Users\User\AppData\Local\Microsoft\WindowsApps;C:\Program Files\JetBrains\IntelliJ IDEA 2019.2.3\bin;;C:\Users\User\AppData\Local\Programs\Microsoft VS Code\bin
USERNAME=User
OS=Windows_NT
PROCESSOR_IDENTIFIER=Intel64 Family 6 Model 158 Stepping 9, GenuineIntel



---------------  S Y S T E M  ---------------

OS:
 Windows 10 , 64 bit Build 19041 (10.0.19041.662)
OS uptime: 6 days 20:48 hours

CPU: total 4 (initial active 4) (4 cores per cpu, 1 threads per core) family 6 model 158 stepping 9 microcode 0xb4, cmov, cx8, fxsr, mmx, sse, sse2, sse3, ssse3, sse4.1, sse4.2, popcnt, vzeroupper, avx, avx2, aes, clmul, erms, 3dnowpref, lzcnt, tsc, tscinvbit, bmi1, bmi2, adx, fma, clflush, clflushopt

Memory: 4k page, system-wide physical 8077M (1201M free)
TotalPageFile size 13453M (AvailPageFile size 3598M)
current process WorkingSet (physical memory assigned to process): 762M, peak: 779M
current process commit charge ("private bytes"): 662M, peak: 681M

vm_info: OpenJDK 64-Bit Server VM (15.0.1+9-18) for windows-amd64 JRE (15.0.1+9-18), built on Sep 15 2020 14:39:31 by "mach5one" with unknown MS VC++:1925

END.
